c:\users\twt\desktop\alex\universidad\rummikub2\rummikub2\debug\vc142.pdb
c:\users\twt\desktop\alex\universidad\rummikub2\rummikub2\debug\vc142.idb
c:\users\user\desktop\rummikub2 (1)\rummikub2\rummikub2\debug\vc142.pdb
c:\users\user\desktop\rummikub2 (1)\rummikub2\rummikub2\debug\vc142.idb
c:\users\fernando\desktop\rummikub2 (1) (6) definitiva\rummikub2 (1)\rummikub2\rummikub2\debug\vc142.pdb
c:\users\fernando\desktop\rummikub2 (1) (6) definitiva\rummikub2 (1)\rummikub2\rummikub2\debug\vc142.idb
c:\users\user\downloads\rummikub2 (1) (6) definitiva (1)\rummikub2 (1) (6) definitiva\rummikub2 (1)\rummikub2\rummikub2\debug\vc142.pdb
c:\users\user\downloads\rummikub2 (1) (6) definitiva (1)\rummikub2 (1) (6) definitiva\rummikub2 (1)\rummikub2\rummikub2\debug\vc142.idb
c:\users\user\downloads\rummikub2 (1) (6) definitiva (1)\rummikub2 (1) (6) definitiva\rummikub2 (1)\rummikub2\rummikub2\debug\tablero.obj
c:\users\user\downloads\rummikub2 (1) (6) definitiva (1)\rummikub2 (1) (6) definitiva\rummikub2 (1)\rummikub2\rummikub2\debug\source.obj
c:\users\user\downloads\rummikub2 (1) (6) definitiva (1)\rummikub2 (1) (6) definitiva\rummikub2 (1)\rummikub2\rummikub2\debug\soportes.obj
c:\users\user\downloads\rummikub2 (1) (6) definitiva (1)\rummikub2 (1) (6) definitiva\rummikub2 (1)\rummikub2\rummikub2\debug\soporte.obj
c:\users\user\downloads\rummikub2 (1) (6) definitiva (1)\rummikub2 (1) (6) definitiva\rummikub2 (1)\rummikub2\rummikub2\debug\jugadas.obj
c:\users\user\downloads\rummikub2 (1) (6) definitiva (1)\rummikub2 (1) (6) definitiva\rummikub2 (1)\rummikub2\rummikub2\debug\fichas.obj
c:\users\user\downloads\rummikub2 (1) (6) definitiva (1)\rummikub2 (1) (6) definitiva\rummikub2 (1)\rummikub2\rummikub2\debug\colores.obj
c:\users\user\downloads\rummikub2 (1) (6) definitiva (1)\rummikub2 (1) (6) definitiva\rummikub2 (1)\rummikub2\rummikub2\debug\bolsa.obj
c:\users\user\downloads\rummikub2 (1) (6) definitiva (1)\rummikub2 (1) (6) definitiva\rummikub2 (1)\rummikub2\debug\rummikub2.exe
c:\users\user\downloads\rummikub2 (1) (6) definitiva (1)\rummikub2 (1) (6) definitiva\rummikub2 (1)\rummikub2\rummikub2\debug\rummikub2.ilk
c:\users\user\downloads\rummikub2 (1) (6) definitiva (1)\rummikub2 (1) (6) definitiva\rummikub2 (1)\rummikub2\debug\rummikub2.pdb
c:\users\user\downloads\rummikub2 (1) (6) definitiva (1)\rummikub2 (1) (6) definitiva\rummikub2 (1)\rummikub2\rummikub2\debug\rummikub2.tlog\cl.command.1.tlog
c:\users\user\downloads\rummikub2 (1) (6) definitiva (1)\rummikub2 (1) (6) definitiva\rummikub2 (1)\rummikub2\rummikub2\debug\rummikub2.tlog\cl.read.1.tlog
c:\users\user\downloads\rummikub2 (1) (6) definitiva (1)\rummikub2 (1) (6) definitiva\rummikub2 (1)\rummikub2\rummikub2\debug\rummikub2.tlog\cl.write.1.tlog
c:\users\user\downloads\rummikub2 (1) (6) definitiva (1)\rummikub2 (1) (6) definitiva\rummikub2 (1)\rummikub2\rummikub2\debug\rummikub2.tlog\link.command.1.tlog
c:\users\user\downloads\rummikub2 (1) (6) definitiva (1)\rummikub2 (1) (6) definitiva\rummikub2 (1)\rummikub2\rummikub2\debug\rummikub2.tlog\link.read.1.tlog
c:\users\user\downloads\rummikub2 (1) (6) definitiva (1)\rummikub2 (1) (6) definitiva\rummikub2 (1)\rummikub2\rummikub2\debug\rummikub2.tlog\link.write.1.tlog
